{
  "RSpec": {
    "coverage": {
      "/Users/baileydiveley/turing/projects/2module/little_shop_v2/config/environment.rb": [
        null,
        1,
        null,
        null,
        1
      ],
      "/Users/baileydiveley/turing/projects/2module/little_shop_v2/config/application.rb": [
        1,
        null,
        1,
        null,
        1,
        1,
        1,
        1,
        1,
        1,
        1,
        1,
        null,
        null,
        null,
        null,
        1,
        null,
        1,
        1,
        null,
        1,
        null,
        null,
        null,
        null,
        null,
        null,
        1,
        null,
        null
      ],
      "/Users/baileydiveley/turing/projects/2module/little_shop_v2/config/boot.rb": [
        1,
        null,
        1
      ],
      "/Users/baileydiveley/turing/projects/2module/little_shop_v2/config/environments/test.rb": [
        1,
        null,
        null,
        null,
        null,
        null,
        null,
        1,
        null,
        null,
        null,
        null,
        1,
        null,
        null,
        1,
        1,
        null,
        null,
        null,
        null,
        1,
        1,
        null,
        null,
        1,
        null,
        null,
        1,
        1,
        null,
        null,
        null,
        null,
        1,
        null,
        null,
        1,
        null,
        null,
        null,
        null
      ],
      "/Users/baileydiveley/turing/projects/2module/little_shop_v2/config/initializers/application_controller_renderer.rb": [
        null,
        null,
        null,
        null,
        null,
        null,
        null,
        null
      ],
      "/Users/baileydiveley/turing/projects/2module/little_shop_v2/config/initializers/assets.rb": [
        null,
        null,
        null,
        1,
        null,
        null,
        null,
        null,
        1,
        null,
        null,
        null,
        null,
        null
      ],
      "/Users/baileydiveley/turing/projects/2module/little_shop_v2/config/initializers/backtrace_silencers.rb": [
        null,
        null,
        null,
        null,
        null,
        null,
        null
      ],
      "/Users/baileydiveley/turing/projects/2module/little_shop_v2/config/initializers/cookies_serializer.rb": [
        null,
        null,
        null,
        null,
        1
      ],
      "/Users/baileydiveley/turing/projects/2module/little_shop_v2/config/initializers/filter_parameter_logging.rb": [
        null,
        null,
        null,
        1
      ],
      "/Users/baileydiveley/turing/projects/2module/little_shop_v2/config/initializers/inflections.rb": [
        null,
        null,
        null,
        null,
        null,
        null,
        null,
        null,
        null,
        null,
        null,
        null,
        null,
        null,
        null,
        null
      ],
      "/Users/baileydiveley/turing/projects/2module/little_shop_v2/config/initializers/mime_types.rb": [
        null,
        null,
        null,
        null
      ],
      "/Users/baileydiveley/turing/projects/2module/little_shop_v2/config/initializers/wrap_parameters.rb": [
        null,
        null,
        null,
        null,
        null,
        null,
        1,
        2,
        null,
        null,
        null,
        null,
        null,
        null
      ],
      "/Users/baileydiveley/turing/projects/2module/little_shop_v2/spec/factories/item.rb": [
        1,
        1,
        1,
        1,
        1,
        1,
        1,
        1,
        1,
        1,
        1,
        null,
        null
      ],
      "/Users/baileydiveley/turing/projects/2module/little_shop_v2/spec/factories/order.rb": [
        1,
        1,
        1,
        1,
        1,
        1,
        1,
        null,
        null
      ],
      "/Users/baileydiveley/turing/projects/2module/little_shop_v2/spec/factories/user.rb": [
        1,
        1,
        1,
        1,
        1,
        1,
        1,
        1,
        1,
        1,
        1,
        1,
        1,
        null,
        null
      ],
      "/Users/baileydiveley/turing/projects/2module/little_shop_v2/config/routes.rb": [
        1,
        null,
        null
      ],
      "/Users/baileydiveley/turing/projects/2module/little_shop_v2/app/helpers/application_helper.rb": [
        1,
        null
      ],
      "/Users/baileydiveley/turing/projects/2module/little_shop_v2/app/models/item.rb": [
        1,
        1,
        null,
        null
      ],
      "/Users/baileydiveley/turing/projects/2module/little_shop_v2/app/models/application_record.rb": [
        1,
        1,
        null
      ],
      "/Users/baileydiveley/turing/projects/2module/little_shop_v2/spec/models/users_spec.rb": [
        1,
        null,
        1,
        1,
        2,
        2,
        2,
        2,
        2,
        2,
        2,
        2,
        null,
        null
      ],
      "/Users/baileydiveley/turing/projects/2module/little_shop_v2/app/models/user.rb": [
        1,
        1,
        1,
        1,
        null,
        1,
        null
      ]
    },
    "timestamp": 1540341496
  }
}
